<?xml version="1.0" encoding="UTF-8"?>
<!-- Generated by org.testng.reporters.JUnitXMLReporter -->
<testsuite hostname="LAPTOP-3DVNCV68" ignored="0" name="Test" tests="3" failures="1" timestamp="13 Oct 2020 11:23:19 GMT" time="68.326" errors="0">
  <testcase name="logindemo" time="28.52" classname="Demo1.Ecommerce.HomepageTest"/>
  <testcase name="logindemo" time="5.772" classname="Demo1.Ecommerce.HomepageTest"/>
  <testcase name="validatepage" time="8.328" classname="Demo1.Ecommerce.loginpagevalidate">
    <failure type="junit.framework.ComparisonFailure" message="expected:&amp;lt;SG...&amp;gt; but was:&amp;lt;US...&amp;gt;">
      <![CDATA[junit.framework.ComparisonFailure: expected:<SG...> but was:<US...>
at junit.framework.Assert.assertEquals(Assert.java:81)
at junit.framework.Assert.assertEquals(Assert.java:87)
at Demo1.Ecommerce.loginpagevalidate.validatepage(loginpagevalidate.java:31)
at java.util.concurrent.FutureTask.run(Unknown Source)
at java.util.concurrent.ThreadPoolExecutor.runWorker(Unknown Source)
at java.util.concurrent.ThreadPoolExecutor$Worker.run(Unknown Source)
at java.lang.Thread.run(Unknown Source)
... Removed 16 stack frames]]>
    </failure>
  </testcase> <!-- validatepage -->
</testsuite> <!-- Test -->
