<?xml version="1.0" encoding="UTF-8"?>
<!-- Generated by org.testng.reporters.JUnitXMLReporter -->
<testsuite hostname="LAPTOP-3DVNCV68" ignored="0" name="Surefire test" tests="3" failures="1" timestamp="2020-10-13T16:05:24 BST" time="42.427" errors="0">
  <testcase name="logindemo" time="10.728" classname="Demo1.Ecommerce.HomepageTest"/>
  <testcase name="logindemo" time="5.039" classname="Demo1.Ecommerce.HomepageTest"/>
  <testcase name="validatepage" time="12.486" classname="Demo1.Ecommerce.loginpagevalidateTest">
    <failure type="junit.framework.ComparisonFailure" message="expected:&amp;lt;SG...&amp;gt; but was:&amp;lt;US...&amp;gt;">
      <![CDATA[junit.framework.ComparisonFailure: expected:<SG...> but was:<US...>
at junit.framework.Assert.assertEquals(Assert.java:81)
at junit.framework.Assert.assertEquals(Assert.java:87)
at Demo1.Ecommerce.loginpagevalidateTest.validatepage(loginpagevalidateTest.java:31)
at java.util.ArrayList.forEach(ArrayList.java:1257)
... Removed 32 stack frames]]>
    </failure>
  </testcase> <!-- validatepage -->
</testsuite> <!-- Surefire test -->
