<?xml version="1.0" encoding="UTF-8"?>
<testng-results skipped="0" failed="1" ignored="0" total="3" passed="2">
  <reporter-output>
  </reporter-output>
  <suite name="Surefire suite" duration-ms="42427" started-at="2020-10-13T16:04:42 BST" finished-at="2020-10-13T16:05:24 BST">
    <groups>
    </groups>
    <test name="Surefire test" duration-ms="42427" started-at="2020-10-13T16:04:42 BST" finished-at="2020-10-13T16:05:24 BST">
      <class name="Demo1.Ecommerce.loginpagevalidateTest">
        <test-method status="PASS" signature="initialise()[pri:0, instance:Demo1.Ecommerce.loginpagevalidateTest@61322f9d]" name="initialise" is-config="true" duration-ms="3772" started-at="2020-10-13T16:04:48 BST" finished-at="2020-10-13T16:04:52 BST">
          <reporter-output>
          </reporter-output>
        </test-method> <!-- initialise -->
        <test-method status="FAIL" signature="validatepage()[pri:0, instance:Demo1.Ecommerce.loginpagevalidateTest@61322f9d]" name="validatepage" duration-ms="12486" started-at="2020-10-13T16:05:08 BST" finished-at="2020-10-13T16:05:20 BST">
          <exception class="junit.framework.ComparisonFailure">
            <message>
              <![CDATA[expected:<SG...> but was:<US...>]]>
            </message>
            <full-stacktrace>
              <![CDATA[junit.framework.ComparisonFailure: expected:<SG...> but was:<US...>
at junit.framework.Assert.assertEquals(Assert.java:81)
at junit.framework.Assert.assertEquals(Assert.java:87)
at Demo1.Ecommerce.loginpagevalidateTest.validatepage(loginpagevalidateTest.java:31)
at sun.reflect.NativeMethodAccessorImpl.invoke0(Native Method)
at sun.reflect.NativeMethodAccessorImpl.invoke(NativeMethodAccessorImpl.java:62)
at sun.reflect.DelegatingMethodAccessorImpl.invoke(DelegatingMethodAccessorImpl.java:43)
at java.lang.reflect.Method.invoke(Method.java:498)
at org.testng.internal.MethodInvocationHelper.invokeMethod(MethodInvocationHelper.java:132)
at org.testng.internal.TestInvoker.invokeMethod(TestInvoker.java:599)
at org.testng.internal.TestInvoker.invokeTestMethod(TestInvoker.java:174)
at org.testng.internal.MethodRunner.runInSequence(MethodRunner.java:46)
at org.testng.internal.TestInvoker$MethodInvocationAgent.invoke(TestInvoker.java:822)
at org.testng.internal.TestInvoker.invokeTestMethods(TestInvoker.java:147)
at org.testng.internal.TestMethodWorker.invokeTestMethods(TestMethodWorker.java:146)
at org.testng.internal.TestMethodWorker.run(TestMethodWorker.java:128)
at java.util.ArrayList.forEach(ArrayList.java:1257)
at org.testng.TestRunner.privateRun(TestRunner.java:764)
at org.testng.TestRunner.run(TestRunner.java:585)
at org.testng.SuiteRunner.runTest(SuiteRunner.java:384)
at org.testng.SuiteRunner.runSequentially(SuiteRunner.java:378)
at org.testng.SuiteRunner.privateRun(SuiteRunner.java:337)
at org.testng.SuiteRunner.run(SuiteRunner.java:286)
at org.testng.SuiteRunnerWorker.runSuite(SuiteRunnerWorker.java:53)
at org.testng.SuiteRunnerWorker.run(SuiteRunnerWorker.java:96)
at org.testng.TestNG.runSuitesSequentially(TestNG.java:1218)
at org.testng.TestNG.runSuitesLocally(TestNG.java:1140)
at org.testng.TestNG.runSuites(TestNG.java:1069)
at org.testng.TestNG.run(TestNG.java:1037)
at org.apache.maven.surefire.testng.TestNGExecutor.run(TestNGExecutor.java:136)
at org.apache.maven.surefire.testng.TestNGDirectoryTestSuite.executeMulti(TestNGDirectoryTestSuite.java:193)
at org.apache.maven.surefire.testng.TestNGDirectoryTestSuite.execute(TestNGDirectoryTestSuite.java:94)
at org.apache.maven.surefire.testng.TestNGProvider.invoke(TestNGProvider.java:145)
at org.apache.maven.surefire.booter.ForkedBooter.runSuitesInProcess(ForkedBooter.java:428)
at org.apache.maven.surefire.booter.ForkedBooter.execute(ForkedBooter.java:162)
at org.apache.maven.surefire.booter.ForkedBooter.run(ForkedBooter.java:562)
at org.apache.maven.surefire.booter.ForkedBooter.main(ForkedBooter.java:548)
]]>
            </full-stacktrace>
          </exception> <!-- junit.framework.ComparisonFailure -->
          <reporter-output>
          </reporter-output>
        </test-method> <!-- validatepage -->
        <test-method status="PASS" signature="closebrowser()[pri:0, instance:Demo1.Ecommerce.loginpagevalidateTest@61322f9d]" name="closebrowser" is-config="true" duration-ms="1216" started-at="2020-10-13T16:05:23 BST" finished-at="2020-10-13T16:05:24 BST">
          <reporter-output>
          </reporter-output>
        </test-method> <!-- closebrowser -->
      </class> <!-- Demo1.Ecommerce.loginpagevalidateTest -->
      <class name="Demo1.Ecommerce.HomepageTest">
        <test-method status="PASS" signature="initialise()[pri:0, instance:Demo1.Ecommerce.HomepageTest@65e98b1c]" name="initialise" is-config="true" duration-ms="6139" started-at="2020-10-13T16:04:42 BST" finished-at="2020-10-13T16:04:48 BST">
          <reporter-output>
          </reporter-output>
        </test-method> <!-- initialise -->
        <test-method status="PASS" signature="logindemo(java.lang.String, java.lang.String)[pri:0, instance:Demo1.Ecommerce.HomepageTest@65e98b1c]" name="logindemo" duration-ms="10728" started-at="2020-10-13T16:04:52 BST" data-provider="getData" finished-at="2020-10-13T16:05:03 BST">
          <params>
            <param index="0">
              <value>
                <![CDATA[kasthuri@gmail.com]]>
              </value>
            </param>
            <param index="1">
              <value>
                <![CDATA[q212e]]>
              </value>
            </param>
          </params>
          <reporter-output>
          </reporter-output>
        </test-method> <!-- logindemo -->
        <test-method status="PASS" signature="logindemo(java.lang.String, java.lang.String)[pri:0, instance:Demo1.Ecommerce.HomepageTest@65e98b1c]" name="logindemo" duration-ms="5039" started-at="2020-10-13T16:05:03 BST" data-provider="getData" finished-at="2020-10-13T16:05:08 BST">
          <params>
            <param index="0">
              <value>
                <![CDATA[user@phptravels.com]]>
              </value>
            </param>
            <param index="1">
              <value>
                <![CDATA[demouser]]>
              </value>
            </param>
          </params>
          <reporter-output>
          </reporter-output>
        </test-method> <!-- logindemo -->
        <test-method status="PASS" signature="closebrowser()[pri:0, instance:Demo1.Ecommerce.HomepageTest@65e98b1c]" name="closebrowser" is-config="true" duration-ms="2940" started-at="2020-10-13T16:05:20 BST" finished-at="2020-10-13T16:05:23 BST">
          <reporter-output>
          </reporter-output>
        </test-method> <!-- closebrowser -->
      </class> <!-- Demo1.Ecommerce.HomepageTest -->
    </test> <!-- Surefire test -->
  </suite> <!-- Surefire suite -->
</testng-results>
