<?xml version="1.0" encoding="UTF-8"?>
<testng-results skipped="0" failed="0" ignored="0" total="1" passed="1">
  <reporter-output>
  </reporter-output>
  <suite name="Surefire suite" duration-ms="19" started-at="2020-10-09T17:52:21 BST" finished-at="2020-10-09T17:52:21 BST">
    <groups>
    </groups>
    <test name="Surefire test" duration-ms="19" started-at="2020-10-09T17:52:21 BST" finished-at="2020-10-09T17:52:21 BST">
      <class name="Demo1.Ecommerce.AppTest">
        <test-method status="PASS" signature="testApp()[pri:0, instance:testApp(Demo1.Ecommerce.AppTest)]" name="testApp" duration-ms="4" started-at="2020-10-09T17:52:21 BST" finished-at="2020-10-09T17:52:21 BST">
          <reporter-output>
          </reporter-output>
        </test-method> <!-- testApp -->
      </class> <!-- Demo1.Ecommerce.AppTest -->
    </test> <!-- Surefire test -->
  </suite> <!-- Surefire suite -->
</testng-results>
